#
# There is insufficient memory for the Java Runtime Environment to continue.
# Native memory allocation (malloc) failed to allocate 1464336 bytes for Chunk::new
# Possible reasons:
#   The system is out of physical RAM or swap space
#   The process is running with CompressedOops enabled, and the Java Heap may be blocking the growth of the native heap
# Possible solutions:
#   Reduce memory load on the system
#   Increase physical memory or swap space
#   Check if swap backing store is full
#   Decrease Java heap size (-Xmx/-Xms)
#   Decrease number of Java threads
#   Decrease Java thread stack sizes (-Xss)
#   Set larger code cache with -XX:ReservedCodeCacheSize=
#   JVM is running with Unscaled Compressed Oops mode in which the Java heap is
#     placed in the first 4GB address space. The Java Heap base address is the
#     maximum limit for the native heap growth. Please use -XX:HeapBaseMinAddress
#     to set the Java Heap base and to place the Java Heap above 4GB virtual address.
# This output file may be truncated or incomplete.
#
#  Out of Memory Error (allocation.cpp:389), pid=4100, tid=0x0000000000005820
#
# JRE version: Java(TM) SE Runtime Environment (8.0_281-b09) (build 1.8.0_281-b09)
# Java VM: Java HotSpot(TM) 64-Bit Server VM (25.281-b09 mixed mode windows-amd64 compressed oops)
# Failed to write core dump. Minidumps are not enabled by default on client versions of Windows
#

---------------  T H R E A D  ---------------

Current thread (0x0000020d4e9ee000):  JavaThread "C2 CompilerThread0" daemon [_thread_in_native, id=22560, stack(0x000000d363700000,0x000000d363800000)]

Stack: [0x000000d363700000,0x000000d363800000]
Native frames: (J=compiled Java code, j=interpreted, Vv=VM code, C=native code)
V  [jvm.dll+0x32e5b9]
V  [jvm.dll+0x275012]
V  [jvm.dll+0x275cbd]
V  [jvm.dll+0x26c6f5]
V  [jvm.dll+0xd51fc]
V  [jvm.dll+0xd59fc]
V  [jvm.dll+0x46f8c3]
V  [jvm.dll+0x4373e0]
V  [jvm.dll+0x4403d5]
V  [jvm.dll+0x43f795]
V  [jvm.dll+0x42a5e7]
V  [jvm.dll+0xabe9b]
V  [jvm.dll+0xaa4fb]
V  [jvm.dll+0x23d6b2]
V  [jvm.dll+0x291cbc]
C  [ucrtbase.dll+0x21bb2]
C  [KERNEL32.DLL+0x17034]
C  [ntdll.dll+0x4d241]


Current CompileTask:
C2:   3952 3883       4       org.springframework.core.annotation.TypeMappedAnnotations$MergedAnnotationFinder::doWithAnnotations (10 bytes)


---------------  P R O C E S S  ---------------

Java Threads: ( => current thread )
  0x0000020d526c1800 JavaThread "mysql-cj-abandoned-connection-cleanup" daemon [_thread_blocked, id=19400, stack(0x000000d364100000,0x000000d364200000)]
  0x0000020d50d56800 JavaThread "/127.0.0.1:57333 to /127.0.0.1:57332 workers Thread 3" [_thread_in_native, id=19700, stack(0x000000d364000000,0x000000d364100000)]
  0x0000020d50d85800 JavaThread "/127.0.0.1:57333 to /127.0.0.1:57332 workers Thread 2" [_thread_blocked, id=3576, stack(0x000000d363f00000,0x000000d364000000)]
  0x0000020d50c6f800 JavaThread "Test worker" [_thread_in_Java, id=19144, stack(0x000000d363e00000,0x000000d363f00000)]
  0x0000020d4ea0e800 JavaThread "Service Thread" daemon [_thread_blocked, id=18356, stack(0x000000d363b00000,0x000000d363c00000)]
  0x0000020d4ea04000 JavaThread "C1 CompilerThread3" daemon [_thread_blocked, id=13560, stack(0x000000d363a00000,0x000000d363b00000)]
  0x0000020d4e9f9800 JavaThread "C2 CompilerThread2" daemon [_thread_in_native, id=15212, stack(0x000000d363900000,0x000000d363a00000)]
  0x0000020d4e9f4800 JavaThread "C2 CompilerThread1" daemon [_thread_in_native, id=15192, stack(0x000000d363800000,0x000000d363900000)]
=>0x0000020d4e9ee000 JavaThread "C2 CompilerThread0" daemon [_thread_in_native, id=22560, stack(0x000000d363700000,0x000000d363800000)]
  0x0000020d4e9eb800 JavaThread "Attach Listener" daemon [_thread_blocked, id=2116, stack(0x000000d363600000,0x000000d363700000)]
  0x0000020d4e9ea800 JavaThread "Signal Dispatcher" daemon [_thread_blocked, id=21896, stack(0x000000d363500000,0x000000d363600000)]
  0x0000020d4e95e000 JavaThread "Finalizer" daemon [_thread_blocked, id=16468, stack(0x000000d363400000,0x000000d363500000)]
  0x0000020d4dd58800 JavaThread "Reference Handler" daemon [_thread_blocked, id=16440, stack(0x000000d363300000,0x000000d363400000)]
  0x0000020d3b3b0000 JavaThread "main" [_thread_blocked, id=604, stack(0x000000d362900000,0x000000d362a00000)]

Other Threads:
  0x0000020d4e931800 VMThread [stack: 0x000000d363200000,0x000000d363300000] [id=22976]
  0x0000020d4ff3f800 WatcherThread [stack: 0x000000d363c00000,0x000000d363d00000] [id=17204]

VM state:not at safepoint (normal execution)

VM Mutex/Monitor currently owned by a thread: None

heap address: 0x00000000e0000000, size: 512 MB, Compressed Oops mode: 32-bit
Narrow klass base: 0x0000000000000000, Narrow klass shift: 3
Compressed class space size: 1073741824 Address: 0x0000000100000000

Heap:
 PSYoungGen      total 143360K, used 131072K [0x00000000f5580000, 0x00000000ff900000, 0x0000000100000000)
  eden space 131072K, 100% used [0x00000000f5580000,0x00000000fd580000,0x00000000fd580000)
  from space 12288K, 0% used [0x00000000fe100000,0x00000000fe100000,0x00000000fed00000)
  to   space 11776K, 0% used [0x00000000fd580000,0x00000000fd580000,0x00000000fe100000)
 ParOldGen       total 113664K, used 12965K [0x00000000e0000000, 0x00000000e6f00000, 0x00000000f5580000)
  object space 113664K, 11% used [0x00000000e0000000,0x00000000e0ca9440,0x00000000e6f00000)
 Metaspace       used 38088K, capacity 40558K, committed 40920K, reserved 1085440K
  class space    used 5264K, capacity 5765K, committed 5888K, reserved 1048576K

Card table byte_map: [0x0000020d4c190000,0x0000020d4c2a0000] byte_map_base: 0x0000020d4ba90000

Marking Bits: (ParMarkBitMap*) 0x000000005bef6ff0
 Begin Bits: [0x0000020d4c350000, 0x0000020d4cb50000)
 End Bits:   [0x0000020d4cb50000, 0x0000020d4d350000)

Polling page: 0x0000020d3b5b0000

CodeCache: size=245760Kb used=14893Kb max_used=14893Kb free=230866Kb
 bounds [0x0000020d3cdd0000, 0x0000020d3dc70000, 0x0000020d4bdd0000]
 total_blobs=4535 nmethods=4099 adapters=348
 compilation: enabled

Compilation events (10 events):
Event: 3.930 Thread 0x0000020d4ea04000 4108       3       org.springframework.context.annotation.ClassPathScanningCandidateComponentProvider::isCandidateComponent (102 bytes)
Event: 3.930 Thread 0x0000020d4ea04000 nmethod 4108 0x0000020d3dc5a690 code [0x0000020d3dc5a940, 0x0000020d3dc5bc90]
Event: 3.930 Thread 0x0000020d4ea04000 4109       3       org.springframework.core.io.FileSystemResource::equals (35 bytes)
Event: 3.931 Thread 0x0000020d4ea04000 nmethod 4109 0x0000020d3dc5c510 code [0x0000020d3dc5c6a0, 0x0000020d3dc5cb70]
Event: 3.936 Thread 0x0000020d4ea04000 4111       3       org.springframework.context.annotation.ConfigurationClassParser::processInterfaces (107 bytes)
Event: 3.936 Thread 0x0000020d4ea04000 nmethod 4111 0x0000020d3dc5cc90 code [0x0000020d3dc5cf00, 0x0000020d3dc5dd50]
Event: 3.936 Thread 0x0000020d4ea04000 4110   !   3       org.springframework.context.annotation.ConfigurationClassParser::retrieveBeanMethodMetadata (241 bytes)
Event: 3.938 Thread 0x0000020d4ea04000 nmethod 4110 0x0000020d3dc5e410 code [0x0000020d3dc5e7e0, 0x0000020d3dc60990]
Event: 3.938 Thread 0x0000020d4ea04000 4112       3       java.util.stream.Stream::empty (8 bytes)
Event: 3.938 Thread 0x0000020d4ea04000 nmethod 4112 0x0000020d3dc61c50 code [0x0000020d3dc61e00, 0x0000020d3dc62240]

GC Heap History (10 events):
Event: 1.844 GC heap before
{Heap before GC invocations=4 (full 1):
 PSYoungGen      total 75776K, used 65009K [0x00000000f5580000, 0x00000000faa00000, 0x0000000100000000)
  eden space 65024K, 99% used [0x00000000f5580000,0x00000000f94fc720,0x00000000f9500000)
  from space 10752K, 0% used [0x00000000f9f80000,0x00000000f9f80000,0x00000000faa00000)
  to   space 10752K, 0% used [0x00000000f9500000,0x00000000f9500000,0x00000000f9f80000)
 ParOldGen       total 113664K, used 9297K [0x00000000e0000000, 0x00000000e6f00000, 0x00000000f5580000)
  object space 113664K, 8% used [0x00000000e0000000,0x00000000e0914690,0x00000000e6f00000)
 Metaspace       used 24641K, capacity 26296K, committed 26496K, reserved 1073152K
  class space    used 3328K, capacity 3674K, committed 3712K, reserved 1048576K
Event: 1.847 GC heap after
Heap after GC invocations=4 (full 1):
 PSYoungGen      total 75776K, used 6111K [0x00000000f5580000, 0x00000000fc400000, 0x0000000100000000)
  eden space 65024K, 0% used [0x00000000f5580000,0x00000000f5580000,0x00000000f9500000)
  from space 10752K, 56% used [0x00000000f9500000,0x00000000f9af7c88,0x00000000f9f80000)
  to   space 10752K, 0% used [0x00000000fb980000,0x00000000fb980000,0x00000000fc400000)
 ParOldGen       total 113664K, used 9305K [0x00000000e0000000, 0x00000000e6f00000, 0x00000000f5580000)
  object space 113664K, 8% used [0x00000000e0000000,0x00000000e0916690,0x00000000e6f00000)
 Metaspace       used 24641K, capacity 26296K, committed 26496K, reserved 1073152K
  class space    used 3328K, capacity 3674K, committed 3712K, reserved 1048576K
}
Event: 2.113 GC heap before
{Heap before GC invocations=5 (full 1):
 PSYoungGen      total 75776K, used 71135K [0x00000000f5580000, 0x00000000fc400000, 0x0000000100000000)
  eden space 65024K, 100% used [0x00000000f5580000,0x00000000f9500000,0x00000000f9500000)
  from space 10752K, 56% used [0x00000000f9500000,0x00000000f9af7c88,0x00000000f9f80000)
  to   space 10752K, 0% used [0x00000000fb980000,0x00000000fb980000,0x00000000fc400000)
 ParOldGen       total 113664K, used 9305K [0x00000000e0000000, 0x00000000e6f00000, 0x00000000f5580000)
  object space 113664K, 8% used [0x00000000e0000000,0x00000000e0916690,0x00000000e6f00000)
 Metaspace       used 26397K, capacity 28262K, committed 28544K, reserved 1073152K
  class space    used 3550K, capacity 3921K, committed 3968K, reserved 1048576K
Event: 2.116 GC heap after
Heap after GC invocations=5 (full 1):
 PSYoungGen      total 102400K, used 5495K [0x00000000f5580000, 0x00000000fc580000, 0x0000000100000000)
  eden space 91648K, 0% used [0x00000000f5580000,0x00000000f5580000,0x00000000faf00000)
  from space 10752K, 51% used [0x00000000fb980000,0x00000000fbedddb0,0x00000000fc400000)
  to   space 10752K, 0% used [0x00000000faf00000,0x00000000faf00000,0x00000000fb980000)
 ParOldGen       total 113664K, used 9313K [0x00000000e0000000, 0x00000000e6f00000, 0x00000000f5580000)
  object space 113664K, 8% used [0x00000000e0000000,0x00000000e0918690,0x00000000e6f00000)
 Metaspace       used 26397K, capacity 28262K, committed 28544K, reserved 1073152K
  class space    used 3550K, capacity 3921K, committed 3968K, reserved 1048576K
}
Event: 2.864 GC heap before
{Heap before GC invocations=6 (full 1):
 PSYoungGen      total 102400K, used 97143K [0x00000000f5580000, 0x00000000fc580000, 0x0000000100000000)
  eden space 91648K, 100% used [0x00000000f5580000,0x00000000faf00000,0x00000000faf00000)
  from space 10752K, 51% used [0x00000000fb980000,0x00000000fbedddb0,0x00000000fc400000)
  to   space 10752K, 0% used [0x00000000faf00000,0x00000000faf00000,0x00000000fb980000)
 ParOldGen       total 113664K, used 9313K [0x00000000e0000000, 0x00000000e6f00000, 0x00000000f5580000)
  object space 113664K, 8% used [0x00000000e0000000,0x00000000e0918690,0x00000000e6f00000)
 Metaspace       used 31364K, capacity 33544K, committed 33664K, reserved 1079296K
  class space    used 4294K, capacity 4716K, committed 4736K, reserved 1048576K
Event: 2.870 GC heap after
Heap after GC invocations=6 (full 1):
 PSYoungGen      total 102400K, used 10360K [0x00000000f5580000, 0x00000000fed00000, 0x0000000100000000)
  eden space 91648K, 0% used [0x00000000f5580000,0x00000000f5580000,0x00000000faf00000)
  from space 10752K, 96% used [0x00000000faf00000,0x00000000fb91e0d0,0x00000000fb980000)
  to   space 12288K, 0% used [0x00000000fe100000,0x00000000fe100000,0x00000000fed00000)
 ParOldGen       total 113664K, used 9321K [0x00000000e0000000, 0x00000000e6f00000, 0x00000000f5580000)
  object space 113664K, 8% used [0x00000000e0000000,0x00000000e091a690,0x00000000e6f00000)
 Metaspace       used 31364K, capacity 33544K, committed 33664K, reserved 1079296K
  class space    used 4294K, capacity 4716K, committed 4736K, reserved 1048576K
}
Event: 2.991 GC heap before
{Heap before GC invocations=7 (full 1):
 PSYoungGen      total 102400K, used 29614K [0x00000000f5580000, 0x00000000fed00000, 0x0000000100000000)
  eden space 91648K, 21% used [0x00000000f5580000,0x00000000f684d788,0x00000000faf00000)
  from space 10752K, 96% used [0x00000000faf00000,0x00000000fb91e0d0,0x00000000fb980000)
  to   space 12288K, 0% used [0x00000000fe100000,0x00000000fe100000,0x00000000fed00000)
 ParOldGen       total 113664K, used 9321K [0x00000000e0000000, 0x00000000e6f00000, 0x00000000f5580000)
  object space 113664K, 8% used [0x00000000e0000000,0x00000000e091a690,0x00000000e6f00000)
 Metaspace       used 33165K, capacity 35352K, committed 35416K, reserved 1079296K
  class space    used 4539K, capacity 4976K, committed 4992K, reserved 1048576K
Event: 2.997 GC heap after
Heap after GC invocations=7 (full 1):
 PSYoungGen      total 143360K, used 7869K [0x00000000f5580000, 0x00000000ff900000, 0x0000000100000000)
  eden space 131072K, 0% used [0x00000000f5580000,0x00000000f5580000,0x00000000fd580000)
  from space 12288K, 64% used [0x00000000fe100000,0x00000000fe8af660,0x00000000fed00000)
  to   space 11776K, 0% used [0x00000000fd580000,0x00000000fd580000,0x00000000fe100000)
 ParOldGen       total 113664K, used 9329K [0x00000000e0000000, 0x00000000e6f00000, 0x00000000f5580000)
  object space 113664K, 8% used [0x00000000e0000000,0x00000000e091c690,0x00000000e6f00000)
 Metaspace       used 33165K, capacity 35352K, committed 35416K, reserved 1079296K
  class space    used 4539K, capacity 4976K, committed 4992K, reserved 1048576K
}
Event: 2.997 GC heap before
{Heap before GC invocations=8 (full 2):
 PSYoungGen      total 143360K, used 7869K [0x00000000f5580000, 0x00000000ff900000, 0x0000000100000000)
  eden space 131072K, 0% used [0x00000000f5580000,0x00000000f5580000,0x00000000fd580000)
  from space 12288K, 64% used [0x00000000fe100000,0x00000000fe8af660,0x00000000fed00000)
  to   space 11776K, 0% used [0x00000000fd580000,0x00000000fd580000,0x00000000fe100000)
 ParOldGen       total 113664K, used 9329K [0x00000000e0000000, 0x00000000e6f00000, 0x00000000f5580000)
  object space 113664K, 8% used [0x00000000e0000000,0x00000000e091c690,0x00000000e6f00000)
 Metaspace       used 33165K, capacity 35352K, committed 35416K, reserved 1079296K
  class space    used 4539K, capacity 4976K, committed 4992K, reserved 1048576K
Event: 3.025 GC heap after
Heap after GC invocations=8 (full 2):
 PSYoungGen      total 143360K, used 0K [0x00000000f5580000, 0x00000000ff900000, 0x0000000100000000)
  eden space 131072K, 0% used [0x00000000f5580000,0x00000000f5580000,0x00000000fd580000)
  from space 12288K, 0% used [0x00000000fe100000,0x00000000fe100000,0x00000000fed00000)
  to   space 11776K, 0% used [0x00000000fd580000,0x00000000fd580000,0x00000000fe100000)
 ParOldGen       total 113664K, used 12965K [0x00000000e0000000, 0x00000000e6f00000, 0x00000000f5580000)
  object space 113664K, 11% used [0x00000000e0000000,0x00000000e0ca9440,0x00000000e6f00000)
 Metaspace       used 33165K, capacity 35352K, committed 35416K, reserved 1079296K
  class space    used 4539K, capacity 4976K, committed 4992K, reserved 1048576K
}

Deoptimization events (10 events):
Event: 3.085 Thread 0x0000020d50c6f800 Uncommon trap: reason=unstable_if action=reinterpret pc=0x0000020d3d608cbc method=java.net.URLClassLoader.getAndVerifyPackage(Ljava/lang/String;Ljava/util/jar/Manifest;Ljava/net/URL;)Ljava/lang/Package; @ 62
Event: 3.233 Thread 0x0000020d50c6f800 Uncommon trap: reason=range_check action=make_not_entrant pc=0x0000020d3d3bbee4 method=java.lang.String.charAt(I)C @ 27
Event: 3.282 Thread 0x0000020d50c6f800 Uncommon trap: reason=unstable_if action=reinterpret pc=0x0000020d3d1470fc method=java.lang.CharacterDataLatin1.isWhitespace(I)Z @ 14
Event: 3.283 Thread 0x0000020d50c6f800 Uncommon trap: reason=unstable_if action=reinterpret pc=0x0000020d3d3dc1f8 method=java.lang.ClassLoader.checkName(Ljava/lang/String;)Z @ 20
Event: 3.283 Thread 0x0000020d50c6f800 Uncommon trap: reason=unstable_if action=reinterpret pc=0x0000020d3d2295fc method=java.lang.ClassLoader.checkName(Ljava/lang/String;)Z @ 20
Event: 3.284 Thread 0x0000020d50c6f800 Uncommon trap: reason=unstable_if action=reinterpret pc=0x0000020d3d4d3974 method=java.util.Properties.loadConvert([CII[C)Ljava/lang/String; @ 57
Event: 3.288 Thread 0x0000020d50c6f800 Uncommon trap: reason=unstable_if action=reinterpret pc=0x0000020d3d3861d8 method=org.springframework.util.ConcurrentReferenceHashMap$Segment.clear()V @ 7
Event: 3.364 Thread 0x0000020d50d85800 Uncommon trap: reason=unstable_if action=reinterpret pc=0x0000020d3d28aba0 method=org.gradle.internal.io.StreamByteBuffer.allocateSpace()I @ 9
Event: 3.382 Thread 0x0000020d50c6f800 Uncommon trap: reason=unstable_if action=reinterpret pc=0x0000020d3d26720c method=java.lang.String.regionMatches(ZILjava/lang/String;II)Z @ 123
Event: 3.385 Thread 0x0000020d50c6f800 Uncommon trap: reason=null_check action=make_not_entrant pc=0x0000020d3d6ac418 method=org.springframework.util.ClassUtils.isAssignable(Ljava/lang/Class;Ljava/lang/Class;)Z @ 14

Classes redefined (0 events):
No events

Internal exceptions (10 events):
Event: 3.892 Thread 0x0000020d50c6f800 Exception <a 'java/lang/ClassNotFoundException': org/springframework/core/PriorityOrderedCustomizer> (0x00000000fcf8bba8) thrown at [C:\jenkins\workspace\8-2-build-windows-amd64-cygwin\jdk8u281\880\hotspot\src\share\vm\classfile\systemDictionary.cpp, line
Event: 3.892 Thread 0x0000020d50c6f800 Exception <a 'java/lang/ClassNotFoundException': org/springframework/core/OrderedCustomizer> (0x00000000fcfa2c80) thrown at [C:\jenkins\workspace\8-2-build-windows-amd64-cygwin\jdk8u281\880\hotspot\src\share\vm\classfile\systemDictionary.cpp, line 212]
Event: 3.893 Thread 0x0000020d50c6f800 Exception <a 'java/lang/ClassNotFoundException': org/springframework/context/ResourceLoaderAwareCustomizer> (0x00000000fcfbf8e0) thrown at [C:\jenkins\workspace\8-2-build-windows-amd64-cygwin\jdk8u281\880\hotspot\src\share\vm\classfile\systemDictionary.cp
Event: 3.894 Thread 0x0000020d50c6f800 Exception <a 'java/lang/ClassNotFoundException': org/springframework/beans/factory/AwareCustomizer> (0x00000000fcfda1e0) thrown at [C:\jenkins\workspace\8-2-build-windows-amd64-cygwin\jdk8u281\880\hotspot\src\share\vm\classfile\systemDictionary.cpp, line 
Event: 3.894 Thread 0x0000020d50c6f800 Exception <a 'java/lang/ClassNotFoundException': org/springframework/context/ApplicationStartupAwareCustomizer> (0x00000000fcff7ba0) thrown at [C:\jenkins\workspace\8-2-build-windows-amd64-cygwin\jdk8u281\880\hotspot\src\share\vm\classfile\systemDictionar
Event: 3.895 Thread 0x0000020d50c6f800 Exception <a 'java/lang/ClassNotFoundException': org/springframework/beans/factory/AwareCustomizer> (0x00000000fd0129e0) thrown at [C:\jenkins\workspace\8-2-build-windows-amd64-cygwin\jdk8u281\880\hotspot\src\share\vm\classfile\systemDictionary.cpp, line 
Event: 3.896 Thread 0x0000020d50c6f800 Exception <a 'java/lang/ClassNotFoundException': org/springframework/beans/factory/BeanClassLoaderAwareCustomizer> (0x00000000fd031138) thrown at [C:\jenkins\workspace\8-2-build-windows-amd64-cygwin\jdk8u281\880\hotspot\src\share\vm\classfile\systemDictio
Event: 3.896 Thread 0x0000020d50c6f800 Exception <a 'java/lang/ClassNotFoundException': org/springframework/beans/factory/AwareCustomizer> (0x00000000fd04baf8) thrown at [C:\jenkins\workspace\8-2-build-windows-amd64-cygwin\jdk8u281\880\hotspot\src\share\vm\classfile\systemDictionary.cpp, line 
Event: 3.897 Thread 0x0000020d50c6f800 Exception <a 'java/lang/ClassNotFoundException': org/springframework/context/EnvironmentAwareCustomizer> (0x00000000fd066d90) thrown at [C:\jenkins\workspace\8-2-build-windows-amd64-cygwin\jdk8u281\880\hotspot\src\share\vm\classfile\systemDictionary.cpp, 
Event: 3.898 Thread 0x0000020d50c6f800 Exception <a 'java/lang/ClassNotFoundException': org/springframework/beans/factory/AwareCustomizer> (0x00000000fd081640) thrown at [C:\jenkins\workspace\8-2-build-windows-amd64-cygwin\jdk8u281\880\hotspot\src\share\vm\classfile\systemDictionary.cpp, line 

Events (10 events):
Event: 3.898 loading class org/springframework/beans/factory/AwareCustomizer
Event: 3.898 loading class org/springframework/beans/factory/AwareCustomizer done
Event: 3.899 loading class javax/inject/Named
Event: 3.899 loading class javax/inject/Named done
Event: 3.900 loading class javax/inject$Named
Event: 3.900 loading class javax/inject$Named done
Event: 3.926 loading class javax/inject/Named
Event: 3.926 loading class javax/inject/Named done
Event: 3.926 loading class javax/inject$Named
Event: 3.926 loading class javax/inject$Named done


Dynamic libraries:
0x00007ff6bdec0000 - 0x00007ff6bdf07000 	C:\Program Files\Java\jdk1.8.0_281\bin\java.exe
0x00007fffda4f0000 - 0x00007fffda6e6000 	C:\Windows\SYSTEM32\ntdll.dll
0x00007fffd8f00000 - 0x00007fffd8fbd000 	C:\Windows\System32\KERNEL32.DLL
0x00007fffd7f60000 - 0x00007fffd8229000 	C:\Windows\System32\KERNELBASE.dll
0x00007fffd9020000 - 0x00007fffd90cc000 	C:\Windows\System32\ADVAPI32.dll
0x00007fffda040000 - 0x00007fffda0de000 	C:\Windows\System32\msvcrt.dll
0x00007fffd90d0000 - 0x00007fffd916c000 	C:\Windows\System32\sechost.dll
0x00007fffda2e0000 - 0x00007fffda40b000 	C:\Windows\System32\RPCRT4.dll
0x00007fffd8bb0000 - 0x00007fffd8d50000 	C:\Windows\System32\USER32.dll
0x00007fffd7de0000 - 0x00007fffd7e02000 	C:\Windows\System32\win32u.dll
0x00007fffd8ad0000 - 0x00007fffd8afa000 	C:\Windows\System32\GDI32.dll
0x00007fffd7c30000 - 0x00007fffd7d3b000 	C:\Windows\System32\gdi32full.dll
0x00007fffd7d40000 - 0x00007fffd7ddd000 	C:\Windows\System32\msvcp_win.dll
0x00007fffd7e60000 - 0x00007fffd7f60000 	C:\Windows\System32\ucrtbase.dll
0x00007fffc62e0000 - 0x00007fffc657b000 	C:\Windows\WinSxS\amd64_microsoft.windows.common-controls_6595b64144ccf1df_6.0.19041.746_none_ca02b4b61b8320a4\COMCTL32.dll
0x00007fffd8a70000 - 0x00007fffd8aa0000 	C:\Windows\System32\IMM32.DLL
0x00007fffd23c0000 - 0x00007fffd23d5000 	C:\Program Files\Java\jdk1.8.0_281\jre\bin\vcruntime140.dll
0x00007fffb3940000 - 0x00007fffb39db000 	C:\Program Files\Java\jdk1.8.0_281\jre\bin\msvcp140.dll
0x000000005b710000 - 0x000000005bf6f000 	C:\Program Files\Java\jdk1.8.0_281\jre\bin\server\jvm.dll
0x00007fffd8ac0000 - 0x00007fffd8ac8000 	C:\Windows\System32\PSAPI.DLL
0x00007fff89d90000 - 0x00007fff89d99000 	C:\Windows\SYSTEM32\WSOCK32.dll
0x00007fffd1380000 - 0x00007fffd138a000 	C:\Windows\SYSTEM32\VERSION.dll
0x00007fffd8e90000 - 0x00007fffd8efb000 	C:\Windows\System32\WS2_32.dll
0x00007fffcee80000 - 0x00007fffceea7000 	C:\Windows\SYSTEM32\WINMM.dll
0x00007fffd6500000 - 0x00007fffd6512000 	C:\Windows\SYSTEM32\kernel.appcore.dll
0x00007fffd1da0000 - 0x00007fffd1db0000 	C:\Program Files\Java\jdk1.8.0_281\jre\bin\verify.dll
0x00007fffcd700000 - 0x00007fffcd72b000 	C:\Program Files\Java\jdk1.8.0_281\jre\bin\java.dll
0x00007fffcd6e0000 - 0x00007fffcd6f8000 	C:\Program Files\Java\jdk1.8.0_281\jre\bin\zip.dll
0x00007fffd9170000 - 0x00007fffd98b2000 	C:\Windows\System32\SHELL32.dll
0x00007fffd5d60000 - 0x00007fffd64f0000 	C:\Windows\SYSTEM32\windows.storage.dll
0x00007fffd9ce0000 - 0x00007fffda036000 	C:\Windows\System32\combase.dll
0x00007fffd7690000 - 0x00007fffd76bc000 	C:\Windows\SYSTEM32\Wldp.dll
0x00007fffd8550000 - 0x00007fffd85fe000 	C:\Windows\System32\SHCORE.dll
0x00007fffd8fc0000 - 0x00007fffd9015000 	C:\Windows\System32\shlwapi.dll
0x00007fffd7b60000 - 0x00007fffd7b86000 	C:\Windows\SYSTEM32\profapi.dll
0x00007fffcd5e0000 - 0x00007fffcd5fc000 	C:\Program Files\Java\jdk1.8.0_281\jre\bin\net.dll
0x00007fffd7410000 - 0x00007fffd747a000 	C:\Windows\system32\mswsock.dll
0x00007fffc9530000 - 0x00007fffc9543000 	C:\Program Files\Java\jdk1.8.0_281\jre\bin\nio.dll
0x00007fffd75e0000 - 0x00007fffd75f8000 	C:\Windows\SYSTEM32\CRYPTSP.dll
0x00007fffd6d40000 - 0x00007fffd6d74000 	C:\Windows\system32\rsaenh.dll
0x00007fffd82e0000 - 0x00007fffd8307000 	C:\Windows\System32\bcrypt.dll
0x00007fffd7b20000 - 0x00007fffd7b4e000 	C:\Windows\SYSTEM32\USERENV.dll
0x00007fffd8310000 - 0x00007fffd8390000 	C:\Windows\System32\bcryptprimitives.dll
0x00007fffd7600000 - 0x00007fffd760c000 	C:\Windows\SYSTEM32\CRYPTBASE.dll
0x00007fffd70b0000 - 0x00007fffd70eb000 	C:\Windows\SYSTEM32\IPHLPAPI.DLL
0x00007fffda4a0000 - 0x00007fffda4a8000 	C:\Windows\System32\NSI.dll
0x00007fffd0c10000 - 0x00007fffd0c27000 	C:\Windows\SYSTEM32\dhcpcsvc6.DLL
0x00007fffd0bf0000 - 0x00007fffd0c0d000 	C:\Windows\SYSTEM32\dhcpcsvc.DLL
0x00007fffd7100000 - 0x00007fffd71cb000 	C:\Windows\SYSTEM32\DNSAPI.dll
0x00007fffced50000 - 0x00007fffced5d000 	C:\Program Files\Java\jdk1.8.0_281\jre\bin\management.dll
0x00007fffc0250000 - 0x00007fffc0267000 	C:\Windows\system32\napinsp.dll
0x00007fffbcf10000 - 0x00007fffbcf2b000 	C:\Windows\system32\pnrpnsp.dll
0x00007fffd4440000 - 0x00007fffd4455000 	C:\Windows\system32\wshbth.dll
0x00007fffd1410000 - 0x00007fffd142d000 	C:\Windows\system32\NLAapi.dll
0x00007fffbcea0000 - 0x00007fffbceb2000 	C:\Windows\System32\winrnr.dll
0x00007fffce130000 - 0x00007fffce13a000 	C:\Windows\System32\rasadhlp.dll
0x00007fffce050000 - 0x00007fffce0cf000 	C:\Windows\System32\fwpuclnt.dll
0x00007fffd58e0000 - 0x00007fffd5ac4000 	C:\Windows\SYSTEM32\dbghelp.dll

VM Arguments:
jvm_args: -Djava.security.manager=worker.org.gradle.process.internal.worker.child.BootstrapSecurityManager -Dorg.gradle.internal.worker.tmpdir=D:\lab_tasks\springboot\build\tmp\test\work -Dorg.gradle.native=false -Xmx512m -Dfile.encoding=windows-1251 -Duser.country=US -Duser.language=en -Duser.variant -ea 
java_command: worker.org.gradle.process.internal.worker.GradleWorkerMain 'Gradle Test Executor 9'
java_class_path (initial): C:\Users\nicki\.gradle\caches\7.1.1\workerMain\gradle-worker.jar
Launcher Type: SUN_STANDARD

Environment Variables:
PATH=C:\Windows\system32;C:\Windows;C:\Windows\System32\Wbem;C:\Windows\System32\WindowsPowerShell\v1.0\;C:\Windows\System32\OpenSSH\;C:\Program Files (x86)\NVIDIA Corporation\PhysX\Common;C:\Program Files\Git\cmd;C:\Gradle\gradle-7.0.2\bin;C:\Program Files\Java\jdk1.8.0_281\bin;C:\Program Files\dotnet\;C:\Program Files\NVIDIA Corporation\NVIDIA NvDLISR;C:\Program Files\MySQL\MySQL Shell 8.0\bin\;C:\Users\nicki\AppData\Local\Programs\Python\Python39\Scripts\;C:\Users\nicki\AppData\Local\Programs\Python\Python39\;C:\Users\nicki\AppData\Local\Microsoft\WindowsApps;;C:\Program Files\JetBrains\IntelliJ IDEA 2020.3.2\bin;;C:\Program Files\JetBrains\PyCharm 2020.3.4\bin;;C:\Users\nicki\.dotnet\tools
USERNAME=nicki
OS=Windows_NT
PROCESSOR_IDENTIFIER=Intel64 Family 6 Model 165 Stepping 2, GenuineIntel



---------------  S Y S T E M  ---------------

OS: Windows 10.0 , 64 bit Build 19041 (10.0.19041.804)

CPU:total 8 (initial active 8) (4 cores per cpu, 2 threads per core) family 6 model 165 stepping 2, cmov, cx8, fxsr, mmx, sse, sse2, sse3, ssse3, sse4.1, sse4.2, popcnt, avx, avx2, aes, clmul, erms, 3dnowpref, lzcnt, ht, tsc, tscinvbit, bmi1, bmi2, adx

Memory: 4k page, physical 16641836k(2482740k free), swap 47827000k(5440k free)

vm_info: Java HotSpot(TM) 64-Bit Server VM (25.281-b09) for windows-amd64 JRE (1.8.0_281-b09), built on Dec  9 2020 13:54:07 by "" with MS VC++ 15.9 (VS2017)

time: Wed Aug  4 01:15:58 2021
timezone: Russia TZ 2 Standard Time
elapsed time: 3.956175 seconds (0d 0h 0m 3s)

