#
# There is insufficient memory for the Java Runtime Environment to continue.
# Native memory allocation (malloc) failed to allocate 1031696 bytes for Chunk::new
# Possible reasons:
#   The system is out of physical RAM or swap space
#   The process is running with CompressedOops enabled, and the Java Heap may be blocking the growth of the native heap
# Possible solutions:
#   Reduce memory load on the system
#   Increase physical memory or swap space
#   Check if swap backing store is full
#   Decrease Java heap size (-Xmx/-Xms)
#   Decrease number of Java threads
#   Decrease Java thread stack sizes (-Xss)
#   Set larger code cache with -XX:ReservedCodeCacheSize=
#   JVM is running with Unscaled Compressed Oops mode in which the Java heap is
#     placed in the first 4GB address space. The Java Heap base address is the
#     maximum limit for the native heap growth. Please use -XX:HeapBaseMinAddress
#     to set the Java Heap base and to place the Java Heap above 4GB virtual address.
# This output file may be truncated or incomplete.
#
#  Out of Memory Error (allocation.cpp:389), pid=4004, tid=0x0000000000000b28
#
# JRE version: Java(TM) SE Runtime Environment (8.0_281-b09) (build 1.8.0_281-b09)
# Java VM: Java HotSpot(TM) 64-Bit Server VM (25.281-b09 mixed mode windows-amd64 compressed oops)
# Failed to write core dump. Minidumps are not enabled by default on client versions of Windows
#

---------------  T H R E A D  ---------------

Current thread (0x000001607647c000):  JavaThread "C2 CompilerThread1" daemon [_thread_in_native, id=2856, stack(0x0000000a8e100000,0x0000000a8e200000)]

Stack: [0x0000000a8e100000,0x0000000a8e200000]
Native frames: (J=compiled Java code, j=interpreted, Vv=VM code, C=native code)
V  [jvm.dll+0x32e5b9]
V  [jvm.dll+0x275012]
V  [jvm.dll+0x275cbd]
V  [jvm.dll+0x26c6f5]
V  [jvm.dll+0xd51fc]
V  [jvm.dll+0xd59fc]
V  [jvm.dll+0x46f8c3]
V  [jvm.dll+0x4373e0]
V  [jvm.dll+0x4403d5]
V  [jvm.dll+0x43f795]
V  [jvm.dll+0x42a5e7]
V  [jvm.dll+0xabe9b]
V  [jvm.dll+0xaa4fb]
V  [jvm.dll+0x23d6b2]
V  [jvm.dll+0x291cbc]
C  [ucrtbase.dll+0x21bb2]
C  [KERNEL32.DLL+0x17034]
C  [ntdll.dll+0x4d241]


Current CompileTask:
C2:   4220 3672       4       org.springframework.boot.context.properties.source.SpringConfigurationPropertySources$SourcesIterator::fetchNext (138 bytes)


---------------  P R O C E S S  ---------------

Java Threads: ( => current thread )
  0x000001607d09a800 JavaThread "mysql-cj-abandoned-connection-cleanup" daemon [_thread_blocked, id=12232, stack(0x0000000a8ea00000,0x0000000a8eb00000)]
  0x00000160787cf800 JavaThread "/127.0.0.1:57298 to /127.0.0.1:57297 workers Thread 3" [_thread_in_native, id=19768, stack(0x0000000a8e900000,0x0000000a8ea00000)]
  0x00000160787cf000 JavaThread "/127.0.0.1:57298 to /127.0.0.1:57297 workers Thread 2" [_thread_blocked, id=10948, stack(0x0000000a8e800000,0x0000000a8e900000)]
  0x00000160782e7000 JavaThread "Test worker" [_thread_in_Java, id=23052, stack(0x0000000a8e700000,0x0000000a8e800000)]
  0x0000016077935800 JavaThread "Service Thread" daemon [_thread_blocked, id=6444, stack(0x0000000a8e400000,0x0000000a8e500000)]
  0x00000160778f5000 JavaThread "C1 CompilerThread3" daemon [_thread_blocked, id=9764, stack(0x0000000a8e300000,0x0000000a8e400000)]
  0x000001607648b000 JavaThread "C2 CompilerThread2" daemon [_thread_in_native, id=9628, stack(0x0000000a8e200000,0x0000000a8e300000)]
=>0x000001607647c000 JavaThread "C2 CompilerThread1" daemon [_thread_in_native, id=2856, stack(0x0000000a8e100000,0x0000000a8e200000)]
  0x0000016076478000 JavaThread "C2 CompilerThread0" daemon [_thread_in_native, id=5760, stack(0x0000000a8e000000,0x0000000a8e100000)]
  0x0000016076476800 JavaThread "Attach Listener" daemon [_thread_blocked, id=14488, stack(0x0000000a8df00000,0x0000000a8e000000)]
  0x0000016076473000 JavaThread "Signal Dispatcher" daemon [_thread_blocked, id=5448, stack(0x0000000a8de00000,0x0000000a8df00000)]
  0x00000160763da000 JavaThread "Finalizer" daemon [_thread_blocked, id=18700, stack(0x0000000a8dd00000,0x0000000a8de00000)]
  0x00000160757e8000 JavaThread "Reference Handler" daemon [_thread_blocked, id=20544, stack(0x0000000a8dc00000,0x0000000a8dd00000)]
  0x0000016062fb0000 JavaThread "main" [_thread_blocked, id=23076, stack(0x0000000a8d200000,0x0000000a8d300000)]

Other Threads:
  0x00000160763b0800 VMThread [stack: 0x0000000a8db00000,0x0000000a8dc00000] [id=6376]
  0x000001607793a000 WatcherThread [stack: 0x0000000a8e500000,0x0000000a8e600000] [id=2240]

VM state:not at safepoint (normal execution)

VM Mutex/Monitor currently owned by a thread: None

heap address: 0x00000000e0000000, size: 512 MB, Compressed Oops mode: 32-bit
Narrow klass base: 0x0000000000000000, Narrow klass shift: 3
Compressed class space size: 1073741824 Address: 0x0000000100000000

Heap:
 PSYoungGen      total 107520K, used 70829K [0x00000000f5580000, 0x00000000fc900000, 0x0000000100000000)
  eden space 96768K, 64% used [0x00000000f5580000,0x00000000f920dcd8,0x00000000fb400000)
  from space 10752K, 82% used [0x00000000fb400000,0x00000000fbc9d880,0x00000000fbe80000)
  to   space 10240K, 0% used [0x00000000fbf00000,0x00000000fbf00000,0x00000000fc900000)
 ParOldGen       total 111104K, used 12272K [0x00000000e0000000, 0x00000000e6c80000, 0x00000000f5580000)
  object space 111104K, 11% used [0x00000000e0000000,0x00000000e0bfc2c8,0x00000000e6c80000)
 Metaspace       used 38186K, capacity 40628K, committed 40920K, reserved 1085440K
  class space    used 5267K, capacity 5766K, committed 5888K, reserved 1048576K

Card table byte_map: [0x0000016073ce0000,0x0000016073df0000] byte_map_base: 0x00000160735e0000

Marking Bits: (ParMarkBitMap*) 0x000000005bef6ff0
 Begin Bits: [0x0000016073df0000, 0x00000160745f0000)
 End Bits:   [0x00000160745f0000, 0x0000016074df0000)

Polling page: 0x0000016062f30000

CodeCache: size=245760Kb used=15327Kb max_used=15327Kb free=230432Kb
 bounds [0x0000016064920000, 0x0000016065830000, 0x0000016073920000]
 total_blobs=4586 nmethods=4150 adapters=348
 compilation: enabled

Compilation events (10 events):
Event: 4.190 Thread 0x00000160778f5000 nmethod 4151 0x00000160657fcb90 code [0x00000160657fce20, 0x00000160657fdf30]
Event: 4.191 Thread 0x00000160778f5000 4152       3       org.springframework.context.annotation.ConfigurationClassParser::processConfigurationClass (129 bytes)
Event: 4.191 Thread 0x00000160778f5000 nmethod 4152 0x00000160657fe650 code [0x00000160657fe8c0, 0x00000160657ff9a0]
Event: 4.197 Thread 0x00000160778f5000 4153       3       org.springframework.context.annotation.BeanMethod::hashCode (8 bytes)
Event: 4.197 Thread 0x00000160778f5000 nmethod 4153 0x00000160657fff50 code [0x00000160658000c0, 0x00000160658002f0]
Event: 4.200 Thread 0x00000160778f5000 4154       3       org.springframework.context.annotation.ConfigurationClassParser$SourceClass::asConfigClass (42 bytes)
Event: 4.200 Thread 0x00000160778f5000 nmethod 4154 0x00000160658003d0 code [0x0000016065800560, 0x0000016065800b20]
Event: 4.200 Thread 0x00000160778f5000 4155   !   3       sun.reflect.GeneratedConstructorAccessor7::newInstance (49 bytes)
Event: 4.201 Thread 0x00000160778f5000 nmethod 4155 0x0000016065800c50 code [0x0000016065800e60, 0x00000160658017c0]
Event: 4.203 Thread 0x00000160778f5000 4156       3       org.springframework.util.ObjectUtils::nullSafeToString (197 bytes)

GC Heap History (10 events):
Event: 2.048 GC heap before
{Heap before GC invocations=5 (full 1):
 PSYoungGen      total 75776K, used 68560K [0x00000000f5580000, 0x00000000fc980000, 0x0000000100000000)
  eden space 65024K, 100% used [0x00000000f5580000,0x00000000f9500000,0x00000000f9500000)
  from space 10752K, 32% used [0x00000000f9500000,0x00000000f9874128,0x00000000f9f80000)
  to   space 10752K, 0% used [0x00000000fbf00000,0x00000000fbf00000,0x00000000fc980000)
 ParOldGen       total 111104K, used 9296K [0x00000000e0000000, 0x00000000e6c80000, 0x00000000f5580000)
  object space 111104K, 8% used [0x00000000e0000000,0x00000000e09140e8,0x00000000e6c80000)
 Metaspace       used 26520K, capacity 28362K, committed 28544K, reserved 1073152K
  class space    used 3564K, capacity 3955K, committed 3968K, reserved 1048576K
Event: 2.053 GC heap after
Heap after GC invocations=5 (full 1):
 PSYoungGen      total 107008K, used 7425K [0x00000000f5580000, 0x00000000fc900000, 0x0000000100000000)
  eden space 96768K, 0% used [0x00000000f5580000,0x00000000f5580000,0x00000000fb400000)
  from space 10240K, 72% used [0x00000000fbf00000,0x00000000fc640420,0x00000000fc900000)
  to   space 10752K, 0% used [0x00000000fb400000,0x00000000fb400000,0x00000000fbe80000)
 ParOldGen       total 111104K, used 9304K [0x00000000e0000000, 0x00000000e6c80000, 0x00000000f5580000)
  object space 111104K, 8% used [0x00000000e0000000,0x00000000e09160e8,0x00000000e6c80000)
 Metaspace       used 26520K, capacity 28362K, committed 28544K, reserved 1073152K
  class space    used 3564K, capacity 3955K, committed 3968K, reserved 1048576K
}
Event: 2.879 GC heap before
{Heap before GC invocations=6 (full 1):
 PSYoungGen      total 107008K, used 104193K [0x00000000f5580000, 0x00000000fc900000, 0x0000000100000000)
  eden space 96768K, 100% used [0x00000000f5580000,0x00000000fb400000,0x00000000fb400000)
  from space 10240K, 72% used [0x00000000fbf00000,0x00000000fc640420,0x00000000fc900000)
  to   space 10752K, 0% used [0x00000000fb400000,0x00000000fb400000,0x00000000fbe80000)
 ParOldGen       total 111104K, used 9304K [0x00000000e0000000, 0x00000000e6c80000, 0x00000000f5580000)
  object space 111104K, 8% used [0x00000000e0000000,0x00000000e09160e8,0x00000000e6c80000)
 Metaspace       used 32343K, capacity 34564K, committed 34816K, reserved 1079296K
  class space    used 4388K, capacity 4816K, committed 4864K, reserved 1048576K
Event: 2.887 GC heap after
Heap after GC invocations=6 (full 1):
 PSYoungGen      total 107520K, used 10748K [0x00000000f5580000, 0x00000000fc900000, 0x0000000100000000)
  eden space 96768K, 0% used [0x00000000f5580000,0x00000000f5580000,0x00000000fb400000)
  from space 10752K, 99% used [0x00000000fb400000,0x00000000fbe7f390,0x00000000fbe80000)
  to   space 10240K, 0% used [0x00000000fbf00000,0x00000000fbf00000,0x00000000fc900000)
 ParOldGen       total 111104K, used 9763K [0x00000000e0000000, 0x00000000e6c80000, 0x00000000f5580000)
  object space 111104K, 8% used [0x00000000e0000000,0x00000000e0988cb0,0x00000000e6c80000)
 Metaspace       used 32343K, capacity 34564K, committed 34816K, reserved 1079296K
  class space    used 4388K, capacity 4816K, committed 4864K, reserved 1048576K
}
Event: 2.959 GC heap before
{Heap before GC invocations=7 (full 1):
 PSYoungGen      total 107520K, used 22392K [0x00000000f5580000, 0x00000000fc900000, 0x0000000100000000)
  eden space 96768K, 12% used [0x00000000f5580000,0x00000000f60df048,0x00000000fb400000)
  from space 10752K, 99% used [0x00000000fb400000,0x00000000fbe7f390,0x00000000fbe80000)
  to   space 10240K, 0% used [0x00000000fbf00000,0x00000000fbf00000,0x00000000fc900000)
 ParOldGen       total 111104K, used 9763K [0x00000000e0000000, 0x00000000e6c80000, 0x00000000f5580000)
  object space 111104K, 8% used [0x00000000e0000000,0x00000000e0988cb0,0x00000000e6c80000)
 Metaspace       used 33190K, capacity 35366K, committed 35416K, reserved 1079296K
  class space    used 4542K, capacity 4977K, committed 4992K, reserved 1048576K
Event: 2.963 GC heap after
Heap after GC invocations=7 (full 1):
 PSYoungGen      total 107008K, used 7050K [0x00000000f5580000, 0x00000000fc900000, 0x0000000100000000)
  eden space 96768K, 0% used [0x00000000f5580000,0x00000000f5580000,0x00000000fb400000)
  from space 10240K, 68% used [0x00000000fbf00000,0x00000000fc5e2ba0,0x00000000fc900000)
  to   space 10752K, 0% used [0x00000000fb400000,0x00000000fb400000,0x00000000fbe80000)
 ParOldGen       total 111104K, used 9771K [0x00000000e0000000, 0x00000000e6c80000, 0x00000000f5580000)
  object space 111104K, 8% used [0x00000000e0000000,0x00000000e098acb0,0x00000000e6c80000)
 Metaspace       used 33190K, capacity 35366K, committed 35416K, reserved 1079296K
  class space    used 4542K, capacity 4977K, committed 4992K, reserved 1048576K
}
Event: 2.963 GC heap before
{Heap before GC invocations=8 (full 2):
 PSYoungGen      total 107008K, used 7050K [0x00000000f5580000, 0x00000000fc900000, 0x0000000100000000)
  eden space 96768K, 0% used [0x00000000f5580000,0x00000000f5580000,0x00000000fb400000)
  from space 10240K, 68% used [0x00000000fbf00000,0x00000000fc5e2ba0,0x00000000fc900000)
  to   space 10752K, 0% used [0x00000000fb400000,0x00000000fb400000,0x00000000fbe80000)
 ParOldGen       total 111104K, used 9771K [0x00000000e0000000, 0x00000000e6c80000, 0x00000000f5580000)
  object space 111104K, 8% used [0x00000000e0000000,0x00000000e098acb0,0x00000000e6c80000)
 Metaspace       used 33190K, capacity 35366K, committed 35416K, reserved 1079296K
  class space    used 4542K, capacity 4977K, committed 4992K, reserved 1048576K
Event: 2.992 GC heap after
Heap after GC invocations=8 (full 2):
 PSYoungGen      total 107008K, used 0K [0x00000000f5580000, 0x00000000fc900000, 0x0000000100000000)
  eden space 96768K, 0% used [0x00000000f5580000,0x00000000f5580000,0x00000000fb400000)
  from space 10240K, 0% used [0x00000000fbf00000,0x00000000fbf00000,0x00000000fc900000)
  to   space 10752K, 0% used [0x00000000fb400000,0x00000000fb400000,0x00000000fbe80000)
 ParOldGen       total 111104K, used 12264K [0x00000000e0000000, 0x00000000e6c80000, 0x00000000f5580000)
  object space 111104K, 11% used [0x00000000e0000000,0x00000000e0bfa2c8,0x00000000e6c80000)
 Metaspace       used 33190K, capacity 35366K, committed 35416K, reserved 1079296K
  class space    used 4542K, capacity 4977K, committed 4992K, reserved 1048576K
}
Event: 3.877 GC heap before
{Heap before GC invocations=9 (full 2):
 PSYoungGen      total 107008K, used 96768K [0x00000000f5580000, 0x00000000fc900000, 0x0000000100000000)
  eden space 96768K, 100% used [0x00000000f5580000,0x00000000fb400000,0x00000000fb400000)
  from space 10240K, 0% used [0x00000000fbf00000,0x00000000fbf00000,0x00000000fc900000)
  to   space 10752K, 0% used [0x00000000fb400000,0x00000000fb400000,0x00000000fbe80000)
 ParOldGen       total 111104K, used 12264K [0x00000000e0000000, 0x00000000e6c80000, 0x00000000f5580000)
  object space 111104K, 11% used [0x00000000e0000000,0x00000000e0bfa2c8,0x00000000e6c80000)
 Metaspace       used 37948K, capacity 40380K, committed 40536K, reserved 1083392K
  class space    used 5262K, capacity 5758K, committed 5760K, reserved 1048576K
Event: 3.883 GC heap after
Heap after GC invocations=9 (full 2):
 PSYoungGen      total 107520K, used 8822K [0x00000000f5580000, 0x00000000fc900000, 0x0000000100000000)
  eden space 96768K, 0% used [0x00000000f5580000,0x00000000f5580000,0x00000000fb400000)
  from space 10752K, 82% used [0x00000000fb400000,0x00000000fbc9d880,0x00000000fbe80000)
  to   space 10240K, 0% used [0x00000000fbf00000,0x00000000fbf00000,0x00000000fc900000)
 ParOldGen       total 111104K, used 12272K [0x00000000e0000000, 0x00000000e6c80000, 0x00000000f5580000)
  object space 111104K, 11% used [0x00000000e0000000,0x00000000e0bfc2c8,0x00000000e6c80000)
 Metaspace       used 37948K, capacity 40380K, committed 40536K, reserved 1083392K
  class space    used 5262K, capacity 5758K, committed 5760K, reserved 1048576K
}

Deoptimization events (10 events):
Event: 3.345 Thread 0x00000160782e7000 Uncommon trap: reason=unstable_if action=reinterpret pc=0x0000016064d6c73c method=java.lang.ClassLoader.checkName(Ljava/lang/String;)Z @ 20
Event: 3.346 Thread 0x00000160782e7000 Uncommon trap: reason=unstable_if action=reinterpret pc=0x0000016065032c34 method=java.util.Properties.loadConvert([CII[C)Ljava/lang/String; @ 57
Event: 3.349 Thread 0x00000160782e7000 Uncommon trap: reason=unstable_if action=reinterpret pc=0x0000016064edf458 method=org.springframework.util.ConcurrentReferenceHashMap$Segment.clear()V @ 7
Event: 3.428 Thread 0x00000160787cf000 Uncommon trap: reason=unstable_if action=reinterpret pc=0x0000016064dce6a0 method=org.gradle.internal.io.StreamByteBuffer.allocateSpace()I @ 9
Event: 3.455 Thread 0x00000160782e7000 Uncommon trap: reason=unstable_if action=reinterpret pc=0x0000016064daca4c method=java.lang.String.regionMatches(ZILjava/lang/String;II)Z @ 123
Event: 3.459 Thread 0x00000160782e7000 Uncommon trap: reason=null_check action=make_not_entrant pc=0x00000160651f4d58 method=org.springframework.util.ClassUtils.isAssignable(Ljava/lang/Class;Ljava/lang/Class;)Z @ 14
Event: 4.032 Thread 0x00000160782e7000 Uncommon trap: reason=class_check action=maybe_recompile pc=0x0000016065764260 method=java.lang.reflect.Array.newInstance(Ljava/lang/Class;I)Ljava/lang/Object; @ 2
Event: 4.032 Thread 0x00000160782e7000 Uncommon trap: reason=class_check action=maybe_recompile pc=0x0000016065764260 method=java.lang.reflect.Array.newInstance(Ljava/lang/Class;I)Ljava/lang/Object; @ 2
Event: 4.032 Thread 0x00000160782e7000 Uncommon trap: reason=class_check action=maybe_recompile pc=0x0000016065764260 method=java.lang.reflect.Array.newInstance(Ljava/lang/Class;I)Ljava/lang/Object; @ 2
Event: 4.033 Thread 0x00000160782e7000 Uncommon trap: reason=class_check action=maybe_recompile pc=0x0000016065764260 method=java.lang.reflect.Array.newInstance(Ljava/lang/Class;I)Ljava/lang/Object; @ 2

Classes redefined (0 events):
No events

Internal exceptions (10 events):
Event: 4.044 Thread 0x00000160782e7000 Exception <a 'java/lang/ClassNotFoundException': org/springframework/core/PriorityOrderedCustomizer> (0x00000000f7188de0) thrown at [C:\jenkins\workspace\8-2-build-windows-amd64-cygwin\jdk8u281\880\hotspot\src\share\vm\classfile\systemDictionary.cpp, line
Event: 4.045 Thread 0x00000160782e7000 Exception <a 'java/lang/ClassNotFoundException': org/springframework/core/OrderedCustomizer> (0x00000000f719ff70) thrown at [C:\jenkins\workspace\8-2-build-windows-amd64-cygwin\jdk8u281\880\hotspot\src\share\vm\classfile\systemDictionary.cpp, line 212]
Event: 4.045 Thread 0x00000160782e7000 Exception <a 'java/lang/ClassNotFoundException': org/springframework/context/ResourceLoaderAwareCustomizer> (0x00000000f71bcbd0) thrown at [C:\jenkins\workspace\8-2-build-windows-amd64-cygwin\jdk8u281\880\hotspot\src\share\vm\classfile\systemDictionary.cp
Event: 4.045 Thread 0x00000160782e7000 Exception <a 'java/lang/ClassNotFoundException': org/springframework/beans/factory/AwareCustomizer> (0x00000000f71d74d0) thrown at [C:\jenkins\workspace\8-2-build-windows-amd64-cygwin\jdk8u281\880\hotspot\src\share\vm\classfile\systemDictionary.cpp, line 
Event: 4.046 Thread 0x00000160782e7000 Exception <a 'java/lang/ClassNotFoundException': org/springframework/context/ApplicationStartupAwareCustomizer> (0x00000000f71f4e90) thrown at [C:\jenkins\workspace\8-2-build-windows-amd64-cygwin\jdk8u281\880\hotspot\src\share\vm\classfile\systemDictionar
Event: 4.046 Thread 0x00000160782e7000 Exception <a 'java/lang/ClassNotFoundException': org/springframework/beans/factory/AwareCustomizer> (0x00000000f720fde8) thrown at [C:\jenkins\workspace\8-2-build-windows-amd64-cygwin\jdk8u281\880\hotspot\src\share\vm\classfile\systemDictionary.cpp, line 
Event: 4.046 Thread 0x00000160782e7000 Exception <a 'java/lang/ClassNotFoundException': org/springframework/beans/factory/BeanClassLoaderAwareCustomizer> (0x00000000f722e540) thrown at [C:\jenkins\workspace\8-2-build-windows-amd64-cygwin\jdk8u281\880\hotspot\src\share\vm\classfile\systemDictio
Event: 4.047 Thread 0x00000160782e7000 Exception <a 'java/lang/ClassNotFoundException': org/springframework/beans/factory/AwareCustomizer> (0x00000000f7248f00) thrown at [C:\jenkins\workspace\8-2-build-windows-amd64-cygwin\jdk8u281\880\hotspot\src\share\vm\classfile\systemDictionary.cpp, line 
Event: 4.048 Thread 0x00000160782e7000 Exception <a 'java/lang/ClassNotFoundException': org/springframework/context/EnvironmentAwareCustomizer> (0x00000000f7264198) thrown at [C:\jenkins\workspace\8-2-build-windows-amd64-cygwin\jdk8u281\880\hotspot\src\share\vm\classfile\systemDictionary.cpp, 
Event: 4.048 Thread 0x00000160782e7000 Exception <a 'java/lang/ClassNotFoundException': org/springframework/beans/factory/AwareCustomizer> (0x00000000f727eb60) thrown at [C:\jenkins\workspace\8-2-build-windows-amd64-cygwin\jdk8u281\880\hotspot\src\share\vm\classfile\systemDictionary.cpp, line 

Events (10 events):
Event: 4.200 loading class io/undertow/Undertow
Event: 4.200 loading class io/undertow/Undertow done
Event: 4.201 loading class org/xnio/SslClientAuthMode
Event: 4.201 loading class org/xnio/SslClientAuthMode done
Event: 4.201 loading class org/eclipse/jetty/server/Server
Event: 4.201 loading class org/eclipse/jetty/server/Server done
Event: 4.201 loading class org/eclipse/jetty/util/Loader
Event: 4.201 loading class org/eclipse/jetty/util/Loader done
Event: 4.201 loading class org/eclipse/jetty/webapp/WebAppContext
Event: 4.201 loading class org/eclipse/jetty/webapp/WebAppContext done


Dynamic libraries:
0x00007ff6bdec0000 - 0x00007ff6bdf07000 	C:\Program Files\Java\jdk1.8.0_281\bin\java.exe
0x00007fffda4f0000 - 0x00007fffda6e6000 	C:\Windows\SYSTEM32\ntdll.dll
0x00007fffd8f00000 - 0x00007fffd8fbd000 	C:\Windows\System32\KERNEL32.DLL
0x00007fffd7f60000 - 0x00007fffd8229000 	C:\Windows\System32\KERNELBASE.dll
0x00007fffd9020000 - 0x00007fffd90cc000 	C:\Windows\System32\ADVAPI32.dll
0x00007fffda040000 - 0x00007fffda0de000 	C:\Windows\System32\msvcrt.dll
0x00007fffd90d0000 - 0x00007fffd916c000 	C:\Windows\System32\sechost.dll
0x00007fffda2e0000 - 0x00007fffda40b000 	C:\Windows\System32\RPCRT4.dll
0x00007fffd8bb0000 - 0x00007fffd8d50000 	C:\Windows\System32\USER32.dll
0x00007fffd7de0000 - 0x00007fffd7e02000 	C:\Windows\System32\win32u.dll
0x00007fffd8ad0000 - 0x00007fffd8afa000 	C:\Windows\System32\GDI32.dll
0x00007fffd7c30000 - 0x00007fffd7d3b000 	C:\Windows\System32\gdi32full.dll
0x00007fffd7d40000 - 0x00007fffd7ddd000 	C:\Windows\System32\msvcp_win.dll
0x00007fffd7e60000 - 0x00007fffd7f60000 	C:\Windows\System32\ucrtbase.dll
0x00007fffc62e0000 - 0x00007fffc657b000 	C:\Windows\WinSxS\amd64_microsoft.windows.common-controls_6595b64144ccf1df_6.0.19041.746_none_ca02b4b61b8320a4\COMCTL32.dll
0x00007fffd8a70000 - 0x00007fffd8aa0000 	C:\Windows\System32\IMM32.DLL
0x00007fffd23c0000 - 0x00007fffd23d5000 	C:\Program Files\Java\jdk1.8.0_281\jre\bin\vcruntime140.dll
0x00007fffb3940000 - 0x00007fffb39db000 	C:\Program Files\Java\jdk1.8.0_281\jre\bin\msvcp140.dll
0x000000005b710000 - 0x000000005bf6f000 	C:\Program Files\Java\jdk1.8.0_281\jre\bin\server\jvm.dll
0x00007fffd8ac0000 - 0x00007fffd8ac8000 	C:\Windows\System32\PSAPI.DLL
0x00007fffcee80000 - 0x00007fffceea7000 	C:\Windows\SYSTEM32\WINMM.dll
0x00007fff89d90000 - 0x00007fff89d99000 	C:\Windows\SYSTEM32\WSOCK32.dll
0x00007fffd1380000 - 0x00007fffd138a000 	C:\Windows\SYSTEM32\VERSION.dll
0x00007fffd8e90000 - 0x00007fffd8efb000 	C:\Windows\System32\WS2_32.dll
0x00007fffd6500000 - 0x00007fffd6512000 	C:\Windows\SYSTEM32\kernel.appcore.dll
0x00007fffd1da0000 - 0x00007fffd1db0000 	C:\Program Files\Java\jdk1.8.0_281\jre\bin\verify.dll
0x00007fffcd700000 - 0x00007fffcd72b000 	C:\Program Files\Java\jdk1.8.0_281\jre\bin\java.dll
0x00007fffcd6e0000 - 0x00007fffcd6f8000 	C:\Program Files\Java\jdk1.8.0_281\jre\bin\zip.dll
0x00007fffd9170000 - 0x00007fffd98b2000 	C:\Windows\System32\SHELL32.dll
0x00007fffd5d60000 - 0x00007fffd64f0000 	C:\Windows\SYSTEM32\windows.storage.dll
0x00007fffd9ce0000 - 0x00007fffda036000 	C:\Windows\System32\combase.dll
0x00007fffd7690000 - 0x00007fffd76bc000 	C:\Windows\SYSTEM32\Wldp.dll
0x00007fffd8550000 - 0x00007fffd85fe000 	C:\Windows\System32\SHCORE.dll
0x00007fffd8fc0000 - 0x00007fffd9015000 	C:\Windows\System32\shlwapi.dll
0x00007fffd7b60000 - 0x00007fffd7b86000 	C:\Windows\SYSTEM32\profapi.dll
0x00007fffcd5e0000 - 0x00007fffcd5fc000 	C:\Program Files\Java\jdk1.8.0_281\jre\bin\net.dll
0x00007fffd7410000 - 0x00007fffd747a000 	C:\Windows\system32\mswsock.dll
0x00007fffc9530000 - 0x00007fffc9543000 	C:\Program Files\Java\jdk1.8.0_281\jre\bin\nio.dll
0x00007fffd75e0000 - 0x00007fffd75f8000 	C:\Windows\SYSTEM32\CRYPTSP.dll
0x00007fffd6d40000 - 0x00007fffd6d74000 	C:\Windows\system32\rsaenh.dll
0x00007fffd82e0000 - 0x00007fffd8307000 	C:\Windows\System32\bcrypt.dll
0x00007fffd7b20000 - 0x00007fffd7b4e000 	C:\Windows\SYSTEM32\USERENV.dll
0x00007fffd8310000 - 0x00007fffd8390000 	C:\Windows\System32\bcryptprimitives.dll
0x00007fffd7600000 - 0x00007fffd760c000 	C:\Windows\SYSTEM32\CRYPTBASE.dll
0x00007fffd70b0000 - 0x00007fffd70eb000 	C:\Windows\SYSTEM32\IPHLPAPI.DLL
0x00007fffda4a0000 - 0x00007fffda4a8000 	C:\Windows\System32\NSI.dll
0x00007fffd0c10000 - 0x00007fffd0c27000 	C:\Windows\SYSTEM32\dhcpcsvc6.DLL
0x00007fffd0bf0000 - 0x00007fffd0c0d000 	C:\Windows\SYSTEM32\dhcpcsvc.DLL
0x00007fffd7100000 - 0x00007fffd71cb000 	C:\Windows\SYSTEM32\DNSAPI.dll
0x00007fffced50000 - 0x00007fffced5d000 	C:\Program Files\Java\jdk1.8.0_281\jre\bin\management.dll
0x00007fffc0250000 - 0x00007fffc0267000 	C:\Windows\system32\napinsp.dll
0x00007fffbcf10000 - 0x00007fffbcf2b000 	C:\Windows\system32\pnrpnsp.dll
0x00007fffd4440000 - 0x00007fffd4455000 	C:\Windows\system32\wshbth.dll
0x00007fffd1410000 - 0x00007fffd142d000 	C:\Windows\system32\NLAapi.dll
0x00007fffbcea0000 - 0x00007fffbceb2000 	C:\Windows\System32\winrnr.dll
0x00007fffce130000 - 0x00007fffce13a000 	C:\Windows\System32\rasadhlp.dll
0x00007fffce050000 - 0x00007fffce0cf000 	C:\Windows\System32\fwpuclnt.dll
0x00007fffd58e0000 - 0x00007fffd5ac4000 	C:\Windows\SYSTEM32\dbghelp.dll

VM Arguments:
jvm_args: -Djava.security.manager=worker.org.gradle.process.internal.worker.child.BootstrapSecurityManager -Dorg.gradle.internal.worker.tmpdir=D:\lab_tasks\springboot\build\tmp\test\work -Dorg.gradle.native=false -Xmx512m -Dfile.encoding=windows-1251 -Duser.country=US -Duser.language=en -Duser.variant -ea 
java_command: worker.org.gradle.process.internal.worker.GradleWorkerMain 'Gradle Test Executor 7'
java_class_path (initial): C:\Users\nicki\.gradle\caches\7.1.1\workerMain\gradle-worker.jar
Launcher Type: SUN_STANDARD

Environment Variables:
PATH=C:\Windows\system32;C:\Windows;C:\Windows\System32\Wbem;C:\Windows\System32\WindowsPowerShell\v1.0\;C:\Windows\System32\OpenSSH\;C:\Program Files (x86)\NVIDIA Corporation\PhysX\Common;C:\Program Files\Git\cmd;C:\Gradle\gradle-7.0.2\bin;C:\Program Files\Java\jdk1.8.0_281\bin;C:\Program Files\dotnet\;C:\Program Files\NVIDIA Corporation\NVIDIA NvDLISR;C:\Program Files\MySQL\MySQL Shell 8.0\bin\;C:\Users\nicki\AppData\Local\Programs\Python\Python39\Scripts\;C:\Users\nicki\AppData\Local\Programs\Python\Python39\;C:\Users\nicki\AppData\Local\Microsoft\WindowsApps;;C:\Program Files\JetBrains\IntelliJ IDEA 2020.3.2\bin;;C:\Program Files\JetBrains\PyCharm 2020.3.4\bin;;C:\Users\nicki\.dotnet\tools
USERNAME=nicki
OS=Windows_NT
PROCESSOR_IDENTIFIER=Intel64 Family 6 Model 165 Stepping 2, GenuineIntel



---------------  S Y S T E M  ---------------

OS: Windows 10.0 , 64 bit Build 19041 (10.0.19041.804)

CPU:total 8 (initial active 8) (4 cores per cpu, 2 threads per core) family 6 model 165 stepping 2, cmov, cx8, fxsr, mmx, sse, sse2, sse3, ssse3, sse4.1, sse4.2, popcnt, avx, avx2, aes, clmul, erms, 3dnowpref, lzcnt, ht, tsc, tscinvbit, bmi1, bmi2, adx

Memory: 4k page, physical 16641836k(2452852k free), swap 47827000k(5444k free)

vm_info: Java HotSpot(TM) 64-Bit Server VM (25.281-b09) for windows-amd64 JRE (1.8.0_281-b09), built on Dec  9 2020 13:54:07 by "" with MS VC++ 15.9 (VS2017)

time: Wed Aug  4 01:15:01 2021
timezone: Russia TZ 2 Standard Time
elapsed time: 4.223449 seconds (0d 0h 0m 4s)

